<?xml version="1.0" encoding="UTF-8"?>
<!-- Generated by org.testng.reporters.JUnitReportReporter -->
<testsuite hostname="DESKTOP-FHGI3QT" failures="0" tests="2" name="Tests.SearchTieBox" time="35.041" errors="0" timestamp="30 Dec 2020 07:33:19 GMT" skipped="0">
  <testcase classname="Tests.SearchTieBox" name="clickOnFirstResult" time="18.740"/>
  <testcase classname="Tests.SearchTieBox" name="viewAll" time="16.301"/>
</testsuite> <!-- Tests.SearchTieBox -->
