<?xml version="1.0" encoding="UTF-8"?>
<!-- Generated by org.testng.reporters.JUnitReportReporter -->
<testsuite hostname="DESKTOP-FHGI3QT" failures="0" tests="1" name="Tests.part2_B_TieBar" time="21.561" errors="0" timestamp="24 Sep 2020 13:50:37 GMT" skipped="0">
  <testcase classname="Tests.part2_B_TieBar" name="sumOfTieBar" time="21.561"/>
</testsuite> <!-- Tests.part2_B_TieBar -->
