<?xml version="1.0" encoding="UTF-8"?>
<!-- Generated by org.testng.reporters.JUnitReportReporter -->
<testsuite hostname="DESKTOP-FHGI3QT" failures="0" tests="1" name="Tests.prat2_A_RetroTie" time="20.424" errors="0" timestamp="24 Sep 2020 13:50:37 GMT" skipped="0">
  <testcase classname="Tests.prat2_A_RetroTie" name="sumOfRetroTie" time="20.424"/>
</testsuite> <!-- Tests.prat2_A_RetroTie -->
