<?xml version="1.0" encoding="UTF-8"?>
<!-- Generated by org.testng.reporters.JUnitReportReporter -->
<testsuite hostname="DESKTOP-FHGI3QT" failures="0" tests="1" name="Tests.prat_1_searchTie" time="10.133" errors="0" timestamp="24 Sep 2020 13:50:37 GMT" skipped="0">
  <testcase classname="Tests.prat_1_searchTie" name="searchBLACK_POPLIN_SKINNY_TIE" time="10.133"/>
</testsuite> <!-- Tests.prat_1_searchTie -->
