<?xml version="1.0" encoding="UTF-8"?>
<!-- Generated by org.testng.reporters.JUnitReportReporter -->
<testsuite hostname="DESKTOP-FHGI3QT" failures="0" tests="1" name="Tests.part2_B_TieBar" time="21.366" errors="0" timestamp="16 Nov 2020 18:57:07 GMT" skipped="0">
  <testcase classname="Tests.part2_B_TieBar" name="sumOfTieBar" time="21.366"/>
</testsuite> <!-- Tests.part2_B_TieBar -->
