<?xml version="1.0" encoding="UTF-8"?>
<!-- Generated by org.testng.reporters.JUnitReportReporter -->
<testsuite hostname="DESKTOP-FHGI3QT" failures="0" tests="1" name="Tests.prat2_A_RetroTie" time="13.671" errors="0" timestamp="06 Jan 2021 20:08:28 GMT" skipped="0">
  <testcase classname="Tests.prat2_A_RetroTie" name="navigateToRetroCategory" time="13.671"/>
</testsuite> <!-- Tests.prat2_A_RetroTie -->
