<?xml version="1.0" encoding="UTF-8"?>
<!-- Generated by org.testng.reporters.JUnitReportReporter -->
<testsuite hostname="DESKTOP-FHGI3QT" failures="0" tests="1" name="Tests.prat2_A_RetroTie" time="9.288" errors="0" timestamp="13 Jan 2021 14:20:35 GMT" skipped="0">
  <testcase classname="Tests.prat2_A_RetroTie" name="filterByTwoDotFiveInch" time="9.288"/>
</testsuite> <!-- Tests.prat2_A_RetroTie -->
