<?xml version="1.0" encoding="UTF-8"?>
<!-- Generated by org.testng.reporters.JUnitReportReporter -->
<testsuite hostname="DESKTOP-FHGI3QT" failures="0" tests="2" name="Tests.SearchTieBox" time="27.738" errors="0" timestamp="10 Jan 2021 18:23:05 GMT" skipped="0">
  <testcase classname="Tests.SearchTieBox" name="clickOnFirstResult" time="15.724"/>
  <testcase classname="Tests.SearchTieBox" name="viewAll" time="12.014"/>
</testsuite> <!-- Tests.SearchTieBox -->
