<?xml version="1.0" encoding="UTF-8"?>
<!-- Generated by org.testng.reporters.JUnitReportReporter -->
<testsuite hostname="DESKTOP-FHGI3QT" failures="0" tests="1" name="Tests.searchTie" time="14.589" errors="0" timestamp="19 Aug 2020 13:02:28 GMT" skipped="0">
  <testcase classname="Tests.searchTie" name="searchBLACK_POPLIN_SKINNY_TIE" time="14.589"/>
</testsuite> <!-- Tests.searchTie -->
